[2022-05-30 09:49:14] [ INFO ] [Main:15] Los Tigres corren.
[2022-05-30 09:49:14] [ INFO ] [Main:21] El Tigre Tigre1 esta corriendo
[2022-05-30 09:49:14] [ INFO ] [Main:21] El Tigre Tigre2 esta corriendo
[2022-05-30 09:49:14] [ INFO ] [Main:18] Los leones corren
[2022-05-30 09:49:14] [ INFO ] [Main:25] El leon Leon1 esta corriendo
[2022-05-30 09:49:14] [ INFO ] [Main:25] El leon Leon2 esta corriendo
[2022-05-30 09:49:14] [ INFO ] [Main:21] ¿Los Leones son viejos alfa?
[2022-05-30 09:49:14] [ INFO ] [Main:30] El leon Leon1 esta viejo y es alfa.
[2022-05-30 09:49:14] [ INFO ] [Main:32] El leon Leon2 es joven, no es alfa, o ambas condiciones a la vez.
[2022-05-30 09:49:32] [ INFO ] [Main:15] Los Tigres corren.
[2022-05-30 09:49:32] [ INFO ] [Main:21] El Tigre Tigre1 esta corriendo
[2022-05-30 09:49:32] [ INFO ] [Main:21] El Tigre Tigre2 esta corriendo
[2022-05-30 09:49:32] [ INFO ] [Main:18] Los leones corren
[2022-05-30 09:49:32] [ INFO ] [Main:25] El leon Leon1 esta corriendo
[2022-05-30 09:49:32] [ INFO ] [Main:25] El leon Leon2 esta corriendo
[2022-05-30 09:49:32] [ INFO ] [Main:21] Los Leones son viejos y alfa?
[2022-05-30 09:49:32] [ INFO ] [Main:30] El leon Leon1 esta viejo y es alfa.
[2022-05-30 09:49:32] [ INFO ] [Main:32] El leon Leon2 es joven, no es alfa, o ambas condiciones a la vez.
[2022-05-30 10:17:52] [ INFO ] [Main:15] Los Tigres corren.
[2022-05-30 10:17:52] [ INFO ] [Main:21] El Tigre Tigre1 esta corriendo
[2022-05-30 10:17:52] [ INFO ] [Main:21] El Tigre Tigre2 esta corriendo
[2022-05-30 10:17:52] [ INFO ] [Main:18] Los leones corren
[2022-05-30 10:17:52] [ INFO ] [Main:25] El leon Leon1 esta corriendo
[2022-05-30 10:17:52] [ INFO ] [Main:25] El leon Leon2 esta corriendo
[2022-05-30 10:17:52] [ INFO ] [Main:21] Los Leones son viejos y alfa?
[2022-05-30 10:17:52] [ INFO ] [Main:30] El leon Leon1 esta viejo y es alfa.
[2022-05-30 10:17:52] [ INFO ] [Main:32] El leon Leon2 es joven, no es alfa, o ambas condiciones a la vez.
