[2022-05-31 22:27:31] [ INFO ] [OdontologoDaoH2:14] Guardando un Odontologo nuevo
[2022-05-31 22:27:31] [ INFO ] [OdontologoDaoH2:79] Conectandose a la base de datos
[2022-05-31 22:27:31] [ ERROR] [OdontologoDaoH2:30] ERROR: IO Exception: "java.nio.file.NoSuchFileException: create.sql"; "create.sql"
IO Exception: "java.nio.file.NoSuchFileException: create.sql"; "create.sql"; SQL statement:
 RUNSCRIPT FROM 'create.sql [90031-212]
[2022-05-31 22:28:35] [ INFO ] [OdontologoDaoH2:14] Guardando un Odontologo nuevo
[2022-05-31 22:28:35] [ INFO ] [OdontologoDaoH2:79] Conectandose a la base de datos
[2022-05-31 22:28:35] [ ERROR] [OdontologoDaoH2:30] ERROR: IO Exception: "java.nio.file.NoSuchFileException: create.sql"; "create.sql"
IO Exception: "java.nio.file.NoSuchFileException: create.sql"; "create.sql"; SQL statement:
 RUNSCRIPT FROM 'create.sql [90031-212]
[2022-05-31 22:30:12] [ INFO ] [OdontologoDaoH2:14] Guardando un Odontologo nuevo
[2022-05-31 22:30:12] [ INFO ] [OdontologoDaoH2:79] Conectandose a la base de datos
[2022-05-31 22:30:12] [ ERROR] [OdontologoDaoH2:30] ERROR: IO Exception: "java.nio.file.NoSuchFileException: create.sql"; "create.sql"
IO Exception: "java.nio.file.NoSuchFileException: create.sql"; "create.sql"; SQL statement:
 RUNSCRIPT FROM 'create.sql [90031-212]
[2022-05-31 22:31:10] [ INFO ] [OdontologoDaoH2:14] Guardando un Odontologo nuevo
[2022-05-31 22:31:10] [ INFO ] [OdontologoDaoH2:79] Conectandose a la base de datos
[2022-05-31 22:31:10] [ ERROR] [OdontologoDaoH2:30] ERROR: IO Exception: "java.nio.file.NoSuchFileException: create.sql"; "create.sql"
IO Exception: "java.nio.file.NoSuchFileException: create.sql"; "create.sql"; SQL statement:
 RUNSCRIPT FROM 'create.sql [90031-212]
[2022-05-31 22:32:19] [ INFO ] [OdontologoDaoH2:14] Guardando un Odontologo nuevo
[2022-05-31 22:32:19] [ INFO ] [OdontologoDaoH2:79] Conectandose a la base de datos
[2022-05-31 22:32:19] [ ERROR] [OdontologoDaoH2:30] ERROR: Parametro de conexión No soportado " INIT"
Unsupported connection setting " INIT" [90113-212]
[2022-05-31 22:32:33] [ INFO ] [OdontologoDaoH2:14] Guardando un Odontologo nuevo
[2022-05-31 22:32:33] [ INFO ] [OdontologoDaoH2:79] Conectandose a la base de datos
[2022-05-31 22:32:33] [ ERROR] [OdontologoDaoH2:30] ERROR: IO Exception: "java.nio.file.NoSuchFileException: create.sql"; "create.sql"
IO Exception: "java.nio.file.NoSuchFileException: create.sql"; "create.sql"; SQL statement:
 RUNSCRIPT FROM 'create.sql [90031-212]
[2022-05-31 22:32:45] [ INFO ] [OdontologoDaoH2:14] Guardando un Odontologo nuevo
[2022-05-31 22:32:45] [ INFO ] [OdontologoDaoH2:79] Conectandose a la base de datos
[2022-05-31 22:32:45] [ ERROR] [OdontologoDaoH2:30] ERROR: Error de Sintaxis en sentencia SQL " [*]RUN SCRIPT FROM 'create.sql'"; se esperaba "ROLLBACK, REVOKE, RUNSCRIPT, RELEASE"
Syntax error in SQL statement " [*]RUN SCRIPT FROM 'create.sql'"; expected "ROLLBACK, REVOKE, RUNSCRIPT, RELEASE"; SQL statement:
 RUN SCRIPT FROM 'create.sql' [42001-212]
[2022-05-31 22:32:58] [ INFO ] [OdontologoDaoH2:14] Guardando un Odontologo nuevo
[2022-05-31 22:32:58] [ INFO ] [OdontologoDaoH2:79] Conectandose a la base de datos
[2022-05-31 22:32:58] [ ERROR] [OdontologoDaoH2:30] ERROR: IO Exception: "java.nio.file.NoSuchFileException: create.sql"; "create.sql"
IO Exception: "java.nio.file.NoSuchFileException: create.sql"; "create.sql"; SQL statement:
 RUNSCRIPT FROM 'create.sql [90031-212]
[2022-05-31 22:37:06] [ INFO ] [OdontologoDaoH2:14] Guardando un Odontologo nuevo
[2022-05-31 22:37:06] [ INFO ] [OdontologoDaoH2:79] Conectandose a la base de datos
[2022-05-31 22:37:06] [ INFO ] [OdontologoDaoH2:26] Odonotologo guardado con exito
[2022-05-31 22:37:06] [ INFO ] [OdontologoDaoH2:35] Conexion cerrada
[2022-05-31 22:37:06] [ INFO ] [OdontologoDaoH2:14] Guardando un Odontologo nuevo
[2022-05-31 22:37:06] [ INFO ] [OdontologoDaoH2:79] Conectandose a la base de datos
[2022-05-31 22:37:06] [ INFO ] [OdontologoDaoH2:26] Odonotologo guardado con exito
[2022-05-31 22:37:06] [ INFO ] [OdontologoDaoH2:35] Conexion cerrada
[2022-05-31 22:37:06] [ INFO ] [OdontologoDaoH2:14] Guardando un Odontologo nuevo
[2022-05-31 22:37:06] [ INFO ] [OdontologoDaoH2:79] Conectandose a la base de datos
[2022-05-31 22:37:06] [ INFO ] [OdontologoDaoH2:26] Odonotologo guardado con exito
[2022-05-31 22:37:06] [ INFO ] [OdontologoDaoH2:35] Conexion cerrada
[2022-05-31 22:43:38] [ INFO ] [OdontologoDaoH2:14] Guardando un Odontologo nuevo
[2022-05-31 22:43:38] [ INFO ] [OdontologoDaoH2:79] Conectandose a la base de datos
[2022-05-31 22:43:38] [ INFO ] [OdontologoDaoH2:26] Odonotologo guardado con exito
[2022-05-31 22:43:38] [ INFO ] [OdontologoDaoH2:35] Conexion cerrada
[2022-05-31 22:43:38] [ INFO ] [OdontologoDaoH2:14] Guardando un Odontologo nuevo
[2022-05-31 22:43:38] [ INFO ] [OdontologoDaoH2:79] Conectandose a la base de datos
[2022-05-31 22:43:38] [ INFO ] [OdontologoDaoH2:26] Odonotologo guardado con exito
[2022-05-31 22:43:38] [ INFO ] [OdontologoDaoH2:35] Conexion cerrada
[2022-05-31 22:43:38] [ INFO ] [OdontologoDaoH2:14] Guardando un Odontologo nuevo
[2022-05-31 22:43:38] [ INFO ] [OdontologoDaoH2:79] Conectandose a la base de datos
[2022-05-31 22:43:38] [ INFO ] [OdontologoDaoH2:26] Odonotologo guardado con exito
[2022-05-31 22:43:38] [ INFO ] [OdontologoDaoH2:35] Conexion cerrada
[2022-05-31 22:44:09] [ INFO ] [OdontologoDaoH2:14] Guardando un Odontologo nuevo
[2022-05-31 22:44:09] [ INFO ] [OdontologoDaoH2:79] Conectandose a la base de datos
[2022-05-31 22:44:09] [ INFO ] [OdontologoDaoH2:26] Odontologo guardado con exito
[2022-05-31 22:44:09] [ INFO ] [OdontologoDaoH2:35] Conexion cerrada
[2022-05-31 22:44:09] [ INFO ] [OdontologoDaoH2:14] Guardando un Odontologo nuevo
[2022-05-31 22:44:09] [ INFO ] [OdontologoDaoH2:79] Conectandose a la base de datos
[2022-05-31 22:44:09] [ INFO ] [OdontologoDaoH2:26] Odontologo guardado con exito
[2022-05-31 22:44:09] [ INFO ] [OdontologoDaoH2:35] Conexion cerrada
[2022-05-31 22:44:09] [ INFO ] [OdontologoDaoH2:14] Guardando un Odontologo nuevo
[2022-05-31 22:44:09] [ INFO ] [OdontologoDaoH2:79] Conectandose a la base de datos
[2022-05-31 22:44:09] [ INFO ] [OdontologoDaoH2:26] Odontologo guardado con exito
[2022-05-31 22:44:09] [ INFO ] [OdontologoDaoH2:35] Conexion cerrada
[2022-06-01 10:52:26] [ INFO ] [OdontologoDaoH2:14] Guardando un Odontologo nuevo
[2022-06-01 10:52:26] [ INFO ] [OdontologoDaoH2:79] Conectandose a la base de datos
[2022-06-01 10:52:26] [ INFO ] [OdontologoDaoH2:26] Odontologo guardado con exito
[2022-06-01 10:52:26] [ INFO ] [OdontologoDaoH2:35] Conexion cerrada
[2022-06-01 10:52:26] [ INFO ] [OdontologoDaoH2:14] Guardando un Odontologo nuevo
[2022-06-01 10:52:26] [ INFO ] [OdontologoDaoH2:79] Conectandose a la base de datos
[2022-06-01 10:52:26] [ INFO ] [OdontologoDaoH2:26] Odontologo guardado con exito
[2022-06-01 10:52:26] [ INFO ] [OdontologoDaoH2:35] Conexion cerrada
[2022-06-01 10:52:26] [ INFO ] [OdontologoDaoH2:14] Guardando un Odontologo nuevo
[2022-06-01 10:52:26] [ INFO ] [OdontologoDaoH2:79] Conectandose a la base de datos
[2022-06-01 10:52:26] [ INFO ] [OdontologoDaoH2:26] Odontologo guardado con exito
[2022-06-01 10:52:27] [ INFO ] [OdontologoDaoH2:35] Conexion cerrada
[2022-06-01 20:10:40] [ INFO ] [OdontologoDaoH2:80] Conectandose a la base de datos
[2022-06-01 20:10:40] [ DEBUG] [OdontologoDaoH2:24] Ejecucion metodo guardar-Odontologo
[2022-06-01 20:10:40] [ INFO ] [OdontologoDaoH2:27] Odontologo guardado con exito
[2022-06-01 20:10:40] [ INFO ] [OdontologoDaoH2:36] Conexion finalizada
[2022-06-01 20:10:40] [ INFO ] [OdontologoDaoH2:80] Conectandose a la base de datos
[2022-06-01 20:10:40] [ DEBUG] [OdontologoDaoH2:24] Ejecucion metodo guardar-Odontologo
[2022-06-01 20:10:40] [ INFO ] [OdontologoDaoH2:27] Odontologo guardado con exito
[2022-06-01 20:10:40] [ INFO ] [OdontologoDaoH2:36] Conexion finalizada
[2022-06-01 20:10:40] [ INFO ] [OdontologoDaoH2:80] Conectandose a la base de datos
[2022-06-01 20:10:40] [ DEBUG] [OdontologoDaoH2:24] Ejecucion metodo guardar-Odontologo
[2022-06-01 20:10:40] [ INFO ] [OdontologoDaoH2:27] Odontologo guardado con exito
[2022-06-01 20:10:41] [ INFO ] [OdontologoDaoH2:36] Conexion finalizada
[2022-06-01 20:19:06] [ INFO ] [OdontologoDaoH2:82] Conectandose a la base de datos
[2022-06-01 20:19:07] [ DEBUG] [OdontologoDaoH2:24] Ejecucion metodo guardar-Odontologo
[2022-06-01 20:19:07] [ INFO ] [OdontologoDaoH2:27] Odontologo guardado con exito
[2022-06-01 20:19:07] [ INFO ] [OdontologoDaoH2:36] Conexion finalizada
[2022-06-01 20:19:07] [ INFO ] [OdontologoDaoH2:82] Conectandose a la base de datos
[2022-06-01 20:19:07] [ DEBUG] [OdontologoDaoH2:24] Ejecucion metodo guardar-Odontologo
[2022-06-01 20:19:07] [ INFO ] [OdontologoDaoH2:27] Odontologo guardado con exito
[2022-06-01 20:19:07] [ INFO ] [OdontologoDaoH2:36] Conexion finalizada
[2022-06-01 20:19:07] [ INFO ] [OdontologoDaoH2:82] Conectandose a la base de datos
[2022-06-01 20:19:07] [ DEBUG] [OdontologoDaoH2:24] Ejecucion metodo guardar-Odontologo
[2022-06-01 20:19:07] [ INFO ] [OdontologoDaoH2:27] Odontologo guardado con exito
[2022-06-01 20:19:07] [ INFO ] [OdontologoDaoH2:36] Conexion finalizada
[2022-06-01 20:27:34] [ INFO ] [OdontologoDaoH2:82] Conectandose a la base de datos
[2022-06-01 20:27:34] [ DEBUG] [OdontologoDaoH2:24] Ejecucion metodo guardar-Odontologo
[2022-06-01 20:27:34] [ INFO ] [OdontologoDaoH2:27] Odontologo guardado con exito
[2022-06-01 20:27:34] [ INFO ] [OdontologoDaoH2:36] Conexion finalizada
[2022-06-01 20:27:34] [ INFO ] [OdontologoDaoH2:82] Conectandose a la base de datos
[2022-06-01 20:27:34] [ DEBUG] [OdontologoDaoH2:24] Ejecucion metodo guardar-Odontologo
[2022-06-01 20:27:34] [ INFO ] [OdontologoDaoH2:27] Odontologo guardado con exito
[2022-06-01 20:27:34] [ INFO ] [OdontologoDaoH2:36] Conexion finalizada
[2022-06-01 20:27:34] [ INFO ] [OdontologoDaoH2:82] Conectandose a la base de datos
[2022-06-01 20:27:35] [ DEBUG] [OdontologoDaoH2:24] Ejecucion metodo guardar-Odontologo
[2022-06-01 20:27:35] [ INFO ] [OdontologoDaoH2:27] Odontologo guardado con exito
[2022-06-01 20:27:35] [ INFO ] [OdontologoDaoH2:36] Conexion finalizada
[2022-06-01 20:27:43] [ INFO ] [OdontologoDaoH2:82] Conectandose a la base de datos
[2022-06-01 20:27:43] [ DEBUG] [OdontologoDaoH2:24] Ejecucion metodo guardar-Odontologo
[2022-06-01 20:27:43] [ INFO ] [OdontologoDaoH2:27] Odontologo guardado con exito
[2022-06-01 20:27:43] [ INFO ] [OdontologoDaoH2:36] Conexion finalizada
[2022-06-01 20:27:43] [ INFO ] [OdontologoDaoH2:82] Conectandose a la base de datos
[2022-06-01 20:27:43] [ DEBUG] [OdontologoDaoH2:24] Ejecucion metodo guardar-Odontologo
[2022-06-01 20:27:43] [ INFO ] [OdontologoDaoH2:27] Odontologo guardado con exito
[2022-06-01 20:27:43] [ INFO ] [OdontologoDaoH2:36] Conexion finalizada
[2022-06-01 20:27:43] [ INFO ] [OdontologoDaoH2:82] Conectandose a la base de datos
[2022-06-01 20:27:43] [ DEBUG] [OdontologoDaoH2:24] Ejecucion metodo guardar-Odontologo
[2022-06-01 20:27:43] [ INFO ] [OdontologoDaoH2:27] Odontologo guardado con exito
[2022-06-01 20:27:43] [ INFO ] [OdontologoDaoH2:36] Conexion finalizada
[2022-06-01 20:27:56] [ INFO ] [OdontologoDaoH2:82] Conectandose a la base de datos
[2022-06-01 20:27:56] [ DEBUG] [OdontologoDaoH2:24] Ejecucion metodo guardar-Odontologo
[2022-06-01 20:27:56] [ INFO ] [OdontologoDaoH2:27] Odontologo guardado con exito
[2022-06-01 20:27:56] [ INFO ] [OdontologoDaoH2:36] Conexion finalizada
[2022-06-01 20:27:56] [ INFO ] [OdontologoDaoH2:82] Conectandose a la base de datos
[2022-06-01 20:27:56] [ DEBUG] [OdontologoDaoH2:24] Ejecucion metodo guardar-Odontologo
[2022-06-01 20:27:56] [ INFO ] [OdontologoDaoH2:27] Odontologo guardado con exito
[2022-06-01 20:27:56] [ INFO ] [OdontologoDaoH2:36] Conexion finalizada
[2022-06-01 20:27:56] [ INFO ] [OdontologoDaoH2:82] Conectandose a la base de datos
[2022-06-01 20:27:56] [ DEBUG] [OdontologoDaoH2:24] Ejecucion metodo guardar-Odontologo
[2022-06-01 20:27:56] [ INFO ] [OdontologoDaoH2:27] Odontologo guardado con exito
[2022-06-01 20:27:56] [ INFO ] [OdontologoDaoH2:36] Conexion finalizada
[2022-06-01 20:32:55] [ INFO ] [OdontologoDaoH2:82] Conectandose a la base de datos
[2022-06-01 20:32:55] [ DEBUG] [OdontologoDaoH2:24] Ejecucion metodo guardar-Odontologo
[2022-06-01 20:32:55] [ INFO ] [OdontologoDaoH2:27] Odontologo guardado con exito
[2022-06-01 20:32:55] [ INFO ] [OdontologoDaoH2:36] Conexion finalizada
[2022-06-01 20:32:55] [ INFO ] [OdontologoDaoH2:82] Conectandose a la base de datos
[2022-06-01 20:32:55] [ DEBUG] [OdontologoDaoH2:24] Ejecucion metodo guardar-Odontologo
[2022-06-01 20:32:55] [ INFO ] [OdontologoDaoH2:27] Odontologo guardado con exito
[2022-06-01 20:32:55] [ INFO ] [OdontologoDaoH2:36] Conexion finalizada
[2022-06-01 20:32:55] [ INFO ] [OdontologoDaoH2:82] Conectandose a la base de datos
[2022-06-01 20:32:55] [ DEBUG] [OdontologoDaoH2:24] Ejecucion metodo guardar-Odontologo
[2022-06-01 20:32:55] [ INFO ] [OdontologoDaoH2:27] Odontologo guardado con exito
[2022-06-01 20:32:55] [ INFO ] [OdontologoDaoH2:36] Conexion finalizada
[2022-06-01 20:37:21] [ DEBUG] [OdontologoDaoH2:47] Ejecucion metodo listar-Odontologos
[2022-06-01 20:37:21] [ ERROR] [OdontologoDaoH2:69] ERROR: Cannot invoke "java.sql.Connection.prepareStatement(String)" because "connection" is null
[2022-06-01 20:37:53] [ DEBUG] [OdontologoDaoH2:47] Ejecucion metodo listar-Odontologos
[2022-06-01 20:37:53] [ ERROR] [OdontologoDaoH2:69] ERROR: Cannot invoke "java.sql.Connection.prepareStatement(String)" because "connection" is null
[2022-06-01 20:37:53] [ INFO ] [OdontologoDaoH2:82] Conectandose a la base de datos
[2022-06-01 20:37:53] [ DEBUG] [OdontologoDaoH2:24] Ejecucion metodo guardar-Odontologo
[2022-06-01 20:37:53] [ INFO ] [OdontologoDaoH2:27] Odontologo guardado con exito
[2022-06-01 20:37:53] [ INFO ] [OdontologoDaoH2:36] Conexion finalizada
[2022-06-01 20:37:53] [ INFO ] [OdontologoDaoH2:82] Conectandose a la base de datos
[2022-06-01 20:37:53] [ DEBUG] [OdontologoDaoH2:24] Ejecucion metodo guardar-Odontologo
[2022-06-01 20:37:53] [ INFO ] [OdontologoDaoH2:27] Odontologo guardado con exito
[2022-06-01 20:37:53] [ INFO ] [OdontologoDaoH2:36] Conexion finalizada
[2022-06-01 20:37:53] [ INFO ] [OdontologoDaoH2:82] Conectandose a la base de datos
[2022-06-01 20:37:53] [ DEBUG] [OdontologoDaoH2:24] Ejecucion metodo guardar-Odontologo
[2022-06-01 20:37:53] [ INFO ] [OdontologoDaoH2:27] Odontologo guardado con exito
[2022-06-01 20:37:53] [ INFO ] [OdontologoDaoH2:36] Conexion finalizada
[2022-06-01 20:37:58] [ DEBUG] [OdontologoDaoH2:47] Ejecucion metodo listar-Odontologos
[2022-06-01 20:37:58] [ ERROR] [OdontologoDaoH2:69] ERROR: Cannot invoke "java.sql.Connection.prepareStatement(String)" because "connection" is null
[2022-06-01 20:46:19] [ DEBUG] [OdontologoDaoH2:47] Ejecucion metodo listar-Odontologos
[2022-06-01 20:46:19] [ ERROR] [OdontologoDaoH2:71] ERROR: Cannot invoke "java.sql.Connection.prepareStatement(String)" because "connection" is null
[2022-06-01 20:46:19] [ INFO ] [OdontologoDaoH2:84] Conectandose a la base de datos
[2022-06-01 20:46:19] [ DEBUG] [OdontologoDaoH2:24] Ejecucion metodo guardar-Odontologo
[2022-06-01 20:46:19] [ INFO ] [OdontologoDaoH2:27] Odontologo guardado con exito
[2022-06-01 20:46:19] [ INFO ] [OdontologoDaoH2:34] Conexion finalizada
[2022-06-01 20:46:19] [ INFO ] [OdontologoDaoH2:84] Conectandose a la base de datos
[2022-06-01 20:46:19] [ DEBUG] [OdontologoDaoH2:24] Ejecucion metodo guardar-Odontologo
[2022-06-01 20:46:19] [ INFO ] [OdontologoDaoH2:27] Odontologo guardado con exito
[2022-06-01 20:46:19] [ INFO ] [OdontologoDaoH2:34] Conexion finalizada
[2022-06-01 20:46:19] [ INFO ] [OdontologoDaoH2:84] Conectandose a la base de datos
[2022-06-01 20:46:19] [ DEBUG] [OdontologoDaoH2:24] Ejecucion metodo guardar-Odontologo
[2022-06-01 20:46:19] [ INFO ] [OdontologoDaoH2:27] Odontologo guardado con exito
[2022-06-01 20:46:19] [ INFO ] [OdontologoDaoH2:34] Conexion finalizada
[2022-06-01 20:47:17] [ DEBUG] [OdontologoDaoH2:47] Ejecucion metodo listar-Odontologos
[2022-06-01 20:47:17] [ ERROR] [OdontologoDaoH2:71] ERROR: Cannot invoke "java.sql.Connection.prepareStatement(String)" because "connection" is null
[2022-06-01 20:47:17] [ INFO ] [OdontologoDaoH2:84] Conectandose a la base de datos
[2022-06-01 20:47:18] [ DEBUG] [OdontologoDaoH2:24] Ejecucion metodo guardar-Odontologo
[2022-06-01 20:47:18] [ INFO ] [OdontologoDaoH2:27] Odontologo guardado con exito
[2022-06-01 20:47:18] [ INFO ] [OdontologoDaoH2:34] Conexion finalizada
[2022-06-01 20:47:18] [ INFO ] [OdontologoDaoH2:84] Conectandose a la base de datos
[2022-06-01 20:47:18] [ DEBUG] [OdontologoDaoH2:24] Ejecucion metodo guardar-Odontologo
[2022-06-01 20:47:18] [ INFO ] [OdontologoDaoH2:27] Odontologo guardado con exito
[2022-06-01 20:47:18] [ INFO ] [OdontologoDaoH2:34] Conexion finalizada
[2022-06-01 20:47:18] [ INFO ] [OdontologoDaoH2:84] Conectandose a la base de datos
[2022-06-01 20:47:18] [ DEBUG] [OdontologoDaoH2:24] Ejecucion metodo guardar-Odontologo
[2022-06-01 20:47:18] [ INFO ] [OdontologoDaoH2:27] Odontologo guardado con exito
[2022-06-01 20:47:18] [ INFO ] [OdontologoDaoH2:34] Conexion finalizada
[2022-06-01 20:48:02] [ DEBUG] [OdontologoDaoH2:47] Ejecucion metodo listar-Odontologos
[2022-06-01 20:48:02] [ ERROR] [OdontologoDaoH2:71] ERROR: Cannot invoke "java.sql.Connection.prepareStatement(String)" because "connection" is null
[2022-06-01 20:48:02] [ INFO ] [OdontologoDaoH2:84] Conectandose a la base de datos
[2022-06-01 20:48:02] [ DEBUG] [OdontologoDaoH2:24] Ejecucion metodo guardar-Odontologo
[2022-06-01 20:48:02] [ INFO ] [OdontologoDaoH2:27] Odontologo guardado con exito
[2022-06-01 20:48:02] [ INFO ] [OdontologoDaoH2:34] Conexion finalizada
[2022-06-01 20:48:02] [ INFO ] [OdontologoDaoH2:84] Conectandose a la base de datos
[2022-06-01 20:48:02] [ DEBUG] [OdontologoDaoH2:24] Ejecucion metodo guardar-Odontologo
[2022-06-01 20:48:02] [ INFO ] [OdontologoDaoH2:27] Odontologo guardado con exito
[2022-06-01 20:48:02] [ INFO ] [OdontologoDaoH2:34] Conexion finalizada
[2022-06-01 20:48:02] [ INFO ] [OdontologoDaoH2:84] Conectandose a la base de datos
[2022-06-01 20:48:02] [ DEBUG] [OdontologoDaoH2:24] Ejecucion metodo guardar-Odontologo
[2022-06-01 20:48:02] [ INFO ] [OdontologoDaoH2:27] Odontologo guardado con exito
[2022-06-01 20:48:02] [ INFO ] [OdontologoDaoH2:34] Conexion finalizada
[2022-06-01 20:48:19] [ DEBUG] [OdontologoDaoH2:47] Ejecucion metodo listar-Odontologos
[2022-06-01 20:48:19] [ ERROR] [OdontologoDaoH2:71] ERROR: Cannot invoke "java.sql.Connection.prepareStatement(String)" because "connection" is null
[2022-06-01 20:48:19] [ INFO ] [OdontologoDaoH2:84] Conectandose a la base de datos
[2022-06-01 20:48:19] [ DEBUG] [OdontologoDaoH2:24] Ejecucion metodo guardar-Odontologo
[2022-06-01 20:48:19] [ INFO ] [OdontologoDaoH2:27] Odontologo guardado con exito
[2022-06-01 20:48:19] [ INFO ] [OdontologoDaoH2:34] Conexion finalizada
[2022-06-01 20:48:19] [ INFO ] [OdontologoDaoH2:84] Conectandose a la base de datos
[2022-06-01 20:48:19] [ DEBUG] [OdontologoDaoH2:24] Ejecucion metodo guardar-Odontologo
[2022-06-01 20:48:19] [ INFO ] [OdontologoDaoH2:27] Odontologo guardado con exito
[2022-06-01 20:48:19] [ INFO ] [OdontologoDaoH2:34] Conexion finalizada
[2022-06-01 20:48:19] [ INFO ] [OdontologoDaoH2:84] Conectandose a la base de datos
[2022-06-01 20:48:19] [ DEBUG] [OdontologoDaoH2:24] Ejecucion metodo guardar-Odontologo
[2022-06-01 20:48:19] [ INFO ] [OdontologoDaoH2:27] Odontologo guardado con exito
[2022-06-01 20:48:19] [ INFO ] [OdontologoDaoH2:34] Conexion finalizada
[2022-06-01 20:53:32] [ DEBUG] [OdontologoDaoH2:47] Ejecucion metodo listar-Odontologos
[2022-06-01 20:53:32] [ ERROR] [OdontologoDaoH2:71] ERROR: Cannot invoke "java.sql.Connection.prepareStatement(String)" because "connection" is null
[2022-06-01 20:53:32] [ INFO ] [OdontologoDaoH2:84] Conectandose a la base de datos
[2022-06-01 20:53:32] [ DEBUG] [OdontologoDaoH2:24] Ejecucion metodo guardar-Odontologo
[2022-06-01 20:53:32] [ INFO ] [OdontologoDaoH2:27] Odontologo guardado con exito
[2022-06-01 20:53:32] [ INFO ] [OdontologoDaoH2:34] Conexion finalizada
[2022-06-01 20:53:32] [ INFO ] [OdontologoDaoH2:84] Conectandose a la base de datos
[2022-06-01 20:53:32] [ DEBUG] [OdontologoDaoH2:24] Ejecucion metodo guardar-Odontologo
[2022-06-01 20:53:32] [ INFO ] [OdontologoDaoH2:27] Odontologo guardado con exito
[2022-06-01 20:53:32] [ INFO ] [OdontologoDaoH2:34] Conexion finalizada
[2022-06-01 20:53:32] [ INFO ] [OdontologoDaoH2:84] Conectandose a la base de datos
[2022-06-01 20:53:32] [ DEBUG] [OdontologoDaoH2:24] Ejecucion metodo guardar-Odontologo
[2022-06-01 20:53:32] [ INFO ] [OdontologoDaoH2:27] Odontologo guardado con exito
[2022-06-01 20:53:32] [ INFO ] [OdontologoDaoH2:34] Conexion finalizada
[2022-06-01 20:53:41] [ DEBUG] [OdontologoDaoH2:47] Ejecucion metodo listar-Odontologos
[2022-06-01 20:53:41] [ ERROR] [OdontologoDaoH2:71] ERROR: Cannot invoke "java.sql.Connection.prepareStatement(String)" because "connection" is null
[2022-06-01 20:53:41] [ INFO ] [OdontologoDaoH2:84] Conectandose a la base de datos
[2022-06-01 20:53:41] [ DEBUG] [OdontologoDaoH2:24] Ejecucion metodo guardar-Odontologo
[2022-06-01 20:53:41] [ INFO ] [OdontologoDaoH2:27] Odontologo guardado con exito
[2022-06-01 20:53:41] [ INFO ] [OdontologoDaoH2:34] Conexion finalizada
[2022-06-01 20:53:41] [ INFO ] [OdontologoDaoH2:84] Conectandose a la base de datos
[2022-06-01 20:53:41] [ DEBUG] [OdontologoDaoH2:24] Ejecucion metodo guardar-Odontologo
[2022-06-01 20:53:41] [ INFO ] [OdontologoDaoH2:27] Odontologo guardado con exito
[2022-06-01 20:53:41] [ INFO ] [OdontologoDaoH2:34] Conexion finalizada
[2022-06-01 20:53:41] [ INFO ] [OdontologoDaoH2:84] Conectandose a la base de datos
[2022-06-01 20:53:41] [ DEBUG] [OdontologoDaoH2:24] Ejecucion metodo guardar-Odontologo
[2022-06-01 20:53:41] [ INFO ] [OdontologoDaoH2:27] Odontologo guardado con exito
[2022-06-01 20:53:41] [ INFO ] [OdontologoDaoH2:34] Conexion finalizada
[2022-06-01 20:54:39] [ DEBUG] [OdontologoDaoH2:47] Ejecucion metodo listar-Odontologos
[2022-06-01 20:54:39] [ ERROR] [OdontologoDaoH2:71] ERROR: Cannot invoke "java.sql.Connection.prepareStatement(String)" because "connection" is null
[2022-06-01 20:55:44] [ DEBUG] [OdontologoDaoH2:47] Ejecucion metodo listar-Odontologos
[2022-06-01 20:55:44] [ ERROR] [OdontologoDaoH2:71] ERROR: Cannot invoke "java.sql.Connection.prepareStatement(String)" because "connection" is null
[2022-06-01 20:55:44] [ INFO ] [OdontologoDaoH2:84] Conectandose a la base de datos
[2022-06-01 20:55:44] [ DEBUG] [OdontologoDaoH2:24] Ejecucion metodo guardar-Odontologo
[2022-06-01 20:55:44] [ INFO ] [OdontologoDaoH2:27] Odontologo guardado con exito
[2022-06-01 20:55:44] [ INFO ] [OdontologoDaoH2:34] Conexion finalizada
[2022-06-01 20:55:44] [ INFO ] [OdontologoDaoH2:84] Conectandose a la base de datos
[2022-06-01 20:55:44] [ DEBUG] [OdontologoDaoH2:24] Ejecucion metodo guardar-Odontologo
[2022-06-01 20:55:44] [ INFO ] [OdontologoDaoH2:27] Odontologo guardado con exito
[2022-06-01 20:55:44] [ INFO ] [OdontologoDaoH2:34] Conexion finalizada
[2022-06-01 20:55:44] [ INFO ] [OdontologoDaoH2:84] Conectandose a la base de datos
[2022-06-01 20:55:44] [ DEBUG] [OdontologoDaoH2:24] Ejecucion metodo guardar-Odontologo
[2022-06-01 20:55:44] [ INFO ] [OdontologoDaoH2:27] Odontologo guardado con exito
[2022-06-01 20:55:44] [ INFO ] [OdontologoDaoH2:34] Conexion finalizada
[2022-06-01 20:55:52] [ DEBUG] [OdontologoDaoH2:47] Ejecucion metodo listar-Odontologos
[2022-06-01 20:55:52] [ ERROR] [OdontologoDaoH2:71] ERROR: Cannot invoke "java.sql.Connection.prepareStatement(String)" because "connection" is null
[2022-06-01 20:55:52] [ INFO ] [OdontologoDaoH2:84] Conectandose a la base de datos
[2022-06-01 20:55:53] [ DEBUG] [OdontologoDaoH2:24] Ejecucion metodo guardar-Odontologo
[2022-06-01 20:55:53] [ INFO ] [OdontologoDaoH2:27] Odontologo guardado con exito
[2022-06-01 20:55:53] [ INFO ] [OdontologoDaoH2:34] Conexion finalizada
[2022-06-01 20:55:53] [ INFO ] [OdontologoDaoH2:84] Conectandose a la base de datos
[2022-06-01 20:55:53] [ DEBUG] [OdontologoDaoH2:24] Ejecucion metodo guardar-Odontologo
[2022-06-01 20:55:53] [ INFO ] [OdontologoDaoH2:27] Odontologo guardado con exito
[2022-06-01 20:55:53] [ INFO ] [OdontologoDaoH2:34] Conexion finalizada
[2022-06-01 20:55:53] [ INFO ] [OdontologoDaoH2:84] Conectandose a la base de datos
[2022-06-01 20:55:53] [ DEBUG] [OdontologoDaoH2:24] Ejecucion metodo guardar-Odontologo
[2022-06-01 20:55:53] [ INFO ] [OdontologoDaoH2:27] Odontologo guardado con exito
[2022-06-01 20:55:53] [ INFO ] [OdontologoDaoH2:34] Conexion finalizada
[2022-06-01 20:58:48] [ DEBUG] [OdontologoDaoH2:47] Ejecucion metodo listar-Odontologos
[2022-06-01 20:58:48] [ ERROR] [OdontologoDaoH2:71] ERROR: Cannot invoke "java.sql.Connection.prepareStatement(String)" because "connection" is null
[2022-06-01 21:03:15] [ DEBUG] [OdontologoDaoH2:47] Ejecucion metodo listar-Odontologos
[2022-06-01 21:03:15] [ ERROR] [OdontologoDaoH2:71] ERROR: Cannot invoke "java.sql.Connection.prepareStatement(String)" because "connection" is null
[2022-06-01 21:10:49] [ INFO ] [OdontologoDaoH2:84] Conectandose a la base de datos
[2022-06-01 21:10:49] [ DEBUG] [OdontologoDaoH2:24] Ejecucion metodo guardar-Odontologo
[2022-06-01 21:10:49] [ INFO ] [OdontologoDaoH2:27] Odontologo guardado con exito
[2022-06-01 21:10:49] [ INFO ] [OdontologoDaoH2:34] Conexion finalizada
[2022-06-01 21:10:49] [ INFO ] [OdontologoDaoH2:84] Conectandose a la base de datos
[2022-06-01 21:10:49] [ DEBUG] [OdontologoDaoH2:24] Ejecucion metodo guardar-Odontologo
[2022-06-01 21:10:49] [ INFO ] [OdontologoDaoH2:27] Odontologo guardado con exito
[2022-06-01 21:10:49] [ INFO ] [OdontologoDaoH2:34] Conexion finalizada
[2022-06-01 21:10:49] [ INFO ] [OdontologoDaoH2:84] Conectandose a la base de datos
[2022-06-01 21:10:49] [ DEBUG] [OdontologoDaoH2:24] Ejecucion metodo guardar-Odontologo
[2022-06-01 21:10:49] [ INFO ] [OdontologoDaoH2:27] Odontologo guardado con exito
[2022-06-01 21:10:49] [ INFO ] [OdontologoDaoH2:34] Conexion finalizada
[2022-06-01 21:11:51] [ INFO ] [OdontologoDaoH2:84] Conectandose a la base de datos
[2022-06-01 21:11:51] [ DEBUG] [OdontologoDaoH2:24] Ejecucion metodo guardar-Odontologo
[2022-06-01 21:11:51] [ INFO ] [OdontologoDaoH2:27] Odontologo guardado con exito
[2022-06-01 21:11:51] [ INFO ] [OdontologoDaoH2:34] Conexion finalizada
[2022-06-01 21:11:51] [ INFO ] [OdontologoDaoH2:84] Conectandose a la base de datos
[2022-06-01 21:11:52] [ DEBUG] [OdontologoDaoH2:24] Ejecucion metodo guardar-Odontologo
[2022-06-01 21:11:52] [ INFO ] [OdontologoDaoH2:27] Odontologo guardado con exito
[2022-06-01 21:11:52] [ INFO ] [OdontologoDaoH2:34] Conexion finalizada
[2022-06-01 21:11:52] [ INFO ] [OdontologoDaoH2:84] Conectandose a la base de datos
[2022-06-01 21:11:52] [ DEBUG] [OdontologoDaoH2:24] Ejecucion metodo guardar-Odontologo
[2022-06-01 21:11:52] [ INFO ] [OdontologoDaoH2:27] Odontologo guardado con exito
[2022-06-01 21:11:52] [ INFO ] [OdontologoDaoH2:34] Conexion finalizada
[2022-06-01 21:43:08] [ INFO ] [OdontologoDaoH2:84] Conectandose a la base de datos
[2022-06-01 21:43:09] [ DEBUG] [OdontologoDaoH2:24] Ejecucion metodo guardar-Odontologo
[2022-06-01 21:43:09] [ INFO ] [OdontologoDaoH2:27] Odontologo guardado con exito
[2022-06-01 21:43:09] [ INFO ] [OdontologoDaoH2:34] Conexion finalizada
[2022-06-01 21:43:09] [ INFO ] [OdontologoDaoH2:84] Conectandose a la base de datos
[2022-06-01 21:43:09] [ DEBUG] [OdontologoDaoH2:24] Ejecucion metodo guardar-Odontologo
[2022-06-01 21:43:09] [ INFO ] [OdontologoDaoH2:27] Odontologo guardado con exito
[2022-06-01 21:43:09] [ INFO ] [OdontologoDaoH2:34] Conexion finalizada
[2022-06-01 21:43:09] [ INFO ] [OdontologoDaoH2:84] Conectandose a la base de datos
[2022-06-01 21:43:09] [ DEBUG] [OdontologoDaoH2:24] Ejecucion metodo guardar-Odontologo
[2022-06-01 21:43:09] [ INFO ] [OdontologoDaoH2:27] Odontologo guardado con exito
[2022-06-01 21:43:09] [ INFO ] [OdontologoDaoH2:34] Conexion finalizada
[2022-06-01 21:43:22] [ DEBUG] [OdontologoDaoH2:47] Ejecucion metodo listar-Odontologos
[2022-06-01 21:43:22] [ ERROR] [OdontologoDaoH2:71] ERROR: Cannot invoke "java.sql.Connection.prepareStatement(String)" because "connection" is null
[2022-06-01 21:43:22] [ INFO ] [OdontologoDaoH2:84] Conectandose a la base de datos
[2022-06-01 21:43:22] [ DEBUG] [OdontologoDaoH2:24] Ejecucion metodo guardar-Odontologo
[2022-06-01 21:43:22] [ INFO ] [OdontologoDaoH2:27] Odontologo guardado con exito
[2022-06-01 21:43:22] [ INFO ] [OdontologoDaoH2:34] Conexion finalizada
[2022-06-01 21:43:22] [ INFO ] [OdontologoDaoH2:84] Conectandose a la base de datos
[2022-06-01 21:43:22] [ DEBUG] [OdontologoDaoH2:24] Ejecucion metodo guardar-Odontologo
[2022-06-01 21:43:22] [ INFO ] [OdontologoDaoH2:27] Odontologo guardado con exito
[2022-06-01 21:43:22] [ INFO ] [OdontologoDaoH2:34] Conexion finalizada
[2022-06-01 21:43:22] [ INFO ] [OdontologoDaoH2:84] Conectandose a la base de datos
[2022-06-01 21:43:22] [ DEBUG] [OdontologoDaoH2:24] Ejecucion metodo guardar-Odontologo
[2022-06-01 21:43:22] [ INFO ] [OdontologoDaoH2:27] Odontologo guardado con exito
[2022-06-01 21:43:22] [ INFO ] [OdontologoDaoH2:34] Conexion finalizada
[2022-06-01 21:45:38] [ DEBUG] [OdontologoDaoH2:47] Ejecucion metodo listar-Odontologos
[2022-06-01 21:45:38] [ ERROR] [OdontologoDaoH2:71] ERROR: Cannot invoke "java.sql.Connection.prepareStatement(String)" because "connection" is null
[2022-06-01 21:45:38] [ INFO ] [OdontologoDaoH2:84] Conectandose a la base de datos
[2022-06-01 21:45:38] [ DEBUG] [OdontologoDaoH2:24] Ejecucion metodo guardar-Odontologo
[2022-06-01 21:45:38] [ INFO ] [OdontologoDaoH2:27] Odontologo guardado con exito
[2022-06-01 21:45:38] [ INFO ] [OdontologoDaoH2:34] Conexion finalizada
[2022-06-01 21:45:38] [ INFO ] [OdontologoDaoH2:84] Conectandose a la base de datos
[2022-06-01 21:45:38] [ DEBUG] [OdontologoDaoH2:24] Ejecucion metodo guardar-Odontologo
[2022-06-01 21:45:38] [ INFO ] [OdontologoDaoH2:27] Odontologo guardado con exito
[2022-06-01 21:45:38] [ INFO ] [OdontologoDaoH2:34] Conexion finalizada
[2022-06-01 21:45:38] [ INFO ] [OdontologoDaoH2:84] Conectandose a la base de datos
[2022-06-01 21:45:38] [ DEBUG] [OdontologoDaoH2:24] Ejecucion metodo guardar-Odontologo
[2022-06-01 21:45:38] [ INFO ] [OdontologoDaoH2:27] Odontologo guardado con exito
[2022-06-01 21:45:38] [ INFO ] [OdontologoDaoH2:34] Conexion finalizada
[2022-06-01 21:46:31] [ DEBUG] [OdontologoDaoH2:47] Ejecucion metodo listar-Odontologos
[2022-06-01 21:46:31] [ ERROR] [OdontologoDaoH2:70] ERROR: Cannot invoke "java.sql.Connection.prepareStatement(String)" because "connection" is null
[2022-06-01 21:46:31] [ INFO ] [OdontologoDaoH2:83] Conectandose a la base de datos
[2022-06-01 21:46:31] [ DEBUG] [OdontologoDaoH2:24] Ejecucion metodo guardar-Odontologo
[2022-06-01 21:46:31] [ INFO ] [OdontologoDaoH2:27] Odontologo guardado con exito
[2022-06-01 21:46:31] [ INFO ] [OdontologoDaoH2:34] Conexion finalizada
[2022-06-01 21:46:31] [ INFO ] [OdontologoDaoH2:83] Conectandose a la base de datos
[2022-06-01 21:46:31] [ DEBUG] [OdontologoDaoH2:24] Ejecucion metodo guardar-Odontologo
[2022-06-01 21:46:31] [ INFO ] [OdontologoDaoH2:27] Odontologo guardado con exito
[2022-06-01 21:46:31] [ INFO ] [OdontologoDaoH2:34] Conexion finalizada
[2022-06-01 21:46:31] [ INFO ] [OdontologoDaoH2:83] Conectandose a la base de datos
[2022-06-01 21:46:31] [ DEBUG] [OdontologoDaoH2:24] Ejecucion metodo guardar-Odontologo
[2022-06-01 21:46:31] [ INFO ] [OdontologoDaoH2:27] Odontologo guardado con exito
[2022-06-01 21:46:31] [ INFO ] [OdontologoDaoH2:34] Conexion finalizada
[2022-06-01 21:47:42] [ INFO ] [OdontologoDaoH2:83] Conectandose a la base de datos
[2022-06-01 21:47:43] [ DEBUG] [OdontologoDaoH2:24] Ejecucion metodo guardar-Odontologo
[2022-06-01 21:47:43] [ INFO ] [OdontologoDaoH2:27] Odontologo guardado con exito
[2022-06-01 21:47:43] [ INFO ] [OdontologoDaoH2:34] Conexion finalizada
[2022-06-01 21:47:43] [ INFO ] [OdontologoDaoH2:83] Conectandose a la base de datos
[2022-06-01 21:47:43] [ DEBUG] [OdontologoDaoH2:24] Ejecucion metodo guardar-Odontologo
[2022-06-01 21:47:43] [ INFO ] [OdontologoDaoH2:27] Odontologo guardado con exito
[2022-06-01 21:47:43] [ INFO ] [OdontologoDaoH2:34] Conexion finalizada
[2022-06-01 21:47:43] [ INFO ] [OdontologoDaoH2:83] Conectandose a la base de datos
[2022-06-01 21:47:43] [ DEBUG] [OdontologoDaoH2:24] Ejecucion metodo guardar-Odontologo
[2022-06-01 21:47:43] [ INFO ] [OdontologoDaoH2:27] Odontologo guardado con exito
[2022-06-01 21:47:43] [ INFO ] [OdontologoDaoH2:34] Conexion finalizada
[2022-06-02 09:01:54] [ INFO ] [OdontologoDaoH2:83] Conectandose a la base de datos
[2022-06-02 09:01:55] [ DEBUG] [OdontologoDaoH2:24] Ejecucion metodo guardar-Odontologo
[2022-06-02 09:01:55] [ INFO ] [OdontologoDaoH2:27] Odontologo guardado con exito
[2022-06-02 09:01:55] [ INFO ] [OdontologoDaoH2:34] Conexion finalizada
[2022-06-02 09:01:55] [ INFO ] [OdontologoDaoH2:83] Conectandose a la base de datos
[2022-06-02 09:01:55] [ DEBUG] [OdontologoDaoH2:24] Ejecucion metodo guardar-Odontologo
[2022-06-02 09:01:55] [ INFO ] [OdontologoDaoH2:27] Odontologo guardado con exito
[2022-06-02 09:01:55] [ INFO ] [OdontologoDaoH2:34] Conexion finalizada
[2022-06-02 09:01:55] [ INFO ] [OdontologoDaoH2:83] Conectandose a la base de datos
[2022-06-02 09:01:55] [ DEBUG] [OdontologoDaoH2:24] Ejecucion metodo guardar-Odontologo
[2022-06-02 09:01:55] [ INFO ] [OdontologoDaoH2:27] Odontologo guardado con exito
[2022-06-02 09:01:55] [ INFO ] [OdontologoDaoH2:34] Conexion finalizada
[2022-06-02 09:03:07] [ INFO ] [OdontologoDaoH2:83] Conectandose a la base de datos
[2022-06-02 09:03:07] [ DEBUG] [OdontologoDaoH2:24] Ejecucion metodo guardar-Odontologo
[2022-06-02 09:03:07] [ INFO ] [OdontologoDaoH2:27] Odontologo guardado con exito
[2022-06-02 09:03:07] [ INFO ] [OdontologoDaoH2:34] Conexion finalizada
[2022-06-02 09:03:07] [ INFO ] [OdontologoDaoH2:83] Conectandose a la base de datos
[2022-06-02 09:03:07] [ DEBUG] [OdontologoDaoH2:24] Ejecucion metodo guardar-Odontologo
[2022-06-02 09:03:07] [ INFO ] [OdontologoDaoH2:27] Odontologo guardado con exito
[2022-06-02 09:03:07] [ INFO ] [OdontologoDaoH2:34] Conexion finalizada
[2022-06-02 09:03:07] [ INFO ] [OdontologoDaoH2:83] Conectandose a la base de datos
[2022-06-02 09:03:07] [ DEBUG] [OdontologoDaoH2:24] Ejecucion metodo guardar-Odontologo
[2022-06-02 09:03:07] [ INFO ] [OdontologoDaoH2:27] Odontologo guardado con exito
[2022-06-02 09:03:07] [ INFO ] [OdontologoDaoH2:34] Conexion finalizada
[2022-06-02 09:03:07] [ DEBUG] [OdontologoDaoH2:47] Ejecucion metodo listar-Odontologos
[2022-06-02 09:03:07] [ ERROR] [OdontologoDaoH2:70] ERROR: Cannot invoke "java.sql.Connection.prepareStatement(String)" because "connection" is null
[2022-06-02 09:03:35] [ DEBUG] [OdontologoDaoH2:47] Ejecucion metodo listar-Odontologos
[2022-06-02 09:03:35] [ ERROR] [OdontologoDaoH2:70] ERROR: Cannot invoke "java.sql.Connection.prepareStatement(String)" because "connection" is null
[2022-06-02 09:07:38] [ INFO ] [OdontologoDaoH2:78] Conectandose a la base de datos
[2022-06-02 09:07:38] [ DEBUG] [OdontologoDaoH2:24] Ejecucion metodo guardar-Odontologo
[2022-06-02 09:07:38] [ INFO ] [OdontologoDaoH2:27] Odontologo guardado con exito
[2022-06-02 09:07:38] [ INFO ] [OdontologoDaoH2:34] Conexion finalizada
[2022-06-02 09:07:38] [ INFO ] [OdontologoDaoH2:78] Conectandose a la base de datos
[2022-06-02 09:07:38] [ DEBUG] [OdontologoDaoH2:24] Ejecucion metodo guardar-Odontologo
[2022-06-02 09:07:38] [ INFO ] [OdontologoDaoH2:27] Odontologo guardado con exito
[2022-06-02 09:07:38] [ INFO ] [OdontologoDaoH2:34] Conexion finalizada
[2022-06-02 09:07:38] [ INFO ] [OdontologoDaoH2:78] Conectandose a la base de datos
[2022-06-02 09:07:38] [ DEBUG] [OdontologoDaoH2:24] Ejecucion metodo guardar-Odontologo
[2022-06-02 09:07:38] [ INFO ] [OdontologoDaoH2:27] Odontologo guardado con exito
[2022-06-02 09:07:38] [ INFO ] [OdontologoDaoH2:34] Conexion finalizada
[2022-06-02 09:07:38] [ DEBUG] [OdontologoDaoH2:47] Ejecucion metodo listar-Odontologos
[2022-06-02 09:11:54] [ INFO ] [OdontologoDaoH2:85] Conectandose a la base de datos
[2022-06-02 09:11:54] [ DEBUG] [OdontologoDaoH2:24] Ejecucion metodo guardar-Odontologo
[2022-06-02 09:11:54] [ INFO ] [OdontologoDaoH2:27] Odontologo guardado con exito
[2022-06-02 09:11:54] [ INFO ] [OdontologoDaoH2:34] Conexion finalizada
[2022-06-02 09:11:54] [ INFO ] [OdontologoDaoH2:85] Conectandose a la base de datos
[2022-06-02 09:11:54] [ DEBUG] [OdontologoDaoH2:24] Ejecucion metodo guardar-Odontologo
[2022-06-02 09:11:54] [ INFO ] [OdontologoDaoH2:27] Odontologo guardado con exito
[2022-06-02 09:11:54] [ INFO ] [OdontologoDaoH2:34] Conexion finalizada
[2022-06-02 09:11:54] [ INFO ] [OdontologoDaoH2:85] Conectandose a la base de datos
[2022-06-02 09:11:54] [ DEBUG] [OdontologoDaoH2:24] Ejecucion metodo guardar-Odontologo
[2022-06-02 09:11:54] [ INFO ] [OdontologoDaoH2:27] Odontologo guardado con exito
[2022-06-02 09:11:54] [ INFO ] [OdontologoDaoH2:34] Conexion finalizada
[2022-06-02 09:11:54] [ DEBUG] [OdontologoDaoH2:47] Ejecucion metodo listar-Odontologos
[2022-06-02 09:11:54] [ ERROR] [OdontologoDaoH2:72] ERROR: Cannot invoke "java.sql.Connection.prepareStatement(String)" because "connection" is null
[2022-06-02 09:12:12] [ INFO ] [OdontologoDaoH2:85] Conectandose a la base de datos
[2022-06-02 09:12:12] [ DEBUG] [OdontologoDaoH2:24] Ejecucion metodo guardar-Odontologo
[2022-06-02 09:12:12] [ INFO ] [OdontologoDaoH2:27] Odontologo guardado con exito
[2022-06-02 09:12:13] [ INFO ] [OdontologoDaoH2:34] Conexion finalizada
[2022-06-02 09:12:13] [ INFO ] [OdontologoDaoH2:85] Conectandose a la base de datos
[2022-06-02 09:12:13] [ DEBUG] [OdontologoDaoH2:24] Ejecucion metodo guardar-Odontologo
[2022-06-02 09:12:13] [ INFO ] [OdontologoDaoH2:27] Odontologo guardado con exito
[2022-06-02 09:12:13] [ INFO ] [OdontologoDaoH2:34] Conexion finalizada
[2022-06-02 09:12:13] [ INFO ] [OdontologoDaoH2:85] Conectandose a la base de datos
[2022-06-02 09:12:13] [ DEBUG] [OdontologoDaoH2:24] Ejecucion metodo guardar-Odontologo
[2022-06-02 09:12:13] [ INFO ] [OdontologoDaoH2:27] Odontologo guardado con exito
[2022-06-02 09:12:13] [ INFO ] [OdontologoDaoH2:34] Conexion finalizada
[2022-06-02 11:17:04] [ INFO ] [OdontologoDaoH2:85] Conectandose a la base de datos
[2022-06-02 11:17:04] [ DEBUG] [OdontologoDaoH2:24] Ejecucion metodo guardar-Odontologo
[2022-06-02 11:17:04] [ INFO ] [OdontologoDaoH2:27] Odontologo guardado con exito
[2022-06-02 11:17:04] [ INFO ] [OdontologoDaoH2:34] Conexion finalizada
[2022-06-02 11:17:04] [ INFO ] [OdontologoDaoH2:85] Conectandose a la base de datos
[2022-06-02 11:17:04] [ DEBUG] [OdontologoDaoH2:24] Ejecucion metodo guardar-Odontologo
[2022-06-02 11:17:04] [ INFO ] [OdontologoDaoH2:27] Odontologo guardado con exito
[2022-06-02 11:17:04] [ INFO ] [OdontologoDaoH2:34] Conexion finalizada
[2022-06-02 11:17:04] [ INFO ] [OdontologoDaoH2:85] Conectandose a la base de datos
[2022-06-02 11:17:04] [ DEBUG] [OdontologoDaoH2:24] Ejecucion metodo guardar-Odontologo
[2022-06-02 11:17:04] [ INFO ] [OdontologoDaoH2:27] Odontologo guardado con exito
[2022-06-02 11:17:04] [ INFO ] [OdontologoDaoH2:34] Conexion finalizada
[2022-06-02 14:27:28] [ INFO ] [OdontologoDaoH2:84] Conectandose a la base de datos
[2022-06-02 14:27:28] [ DEBUG] [OdontologoDaoH2:24] Ejecucion metodo guardar-Odontologo
[2022-06-02 14:27:28] [ INFO ] [OdontologoDaoH2:27] Odontologo guardado con exito
[2022-06-02 14:27:28] [ INFO ] [OdontologoDaoH2:34] Conexion finalizada
[2022-06-02 14:27:28] [ INFO ] [OdontologoDaoH2:84] Conectandose a la base de datos
[2022-06-02 14:27:28] [ DEBUG] [OdontologoDaoH2:24] Ejecucion metodo guardar-Odontologo
[2022-06-02 14:27:28] [ INFO ] [OdontologoDaoH2:27] Odontologo guardado con exito
[2022-06-02 14:27:28] [ INFO ] [OdontologoDaoH2:34] Conexion finalizada
[2022-06-02 14:27:28] [ INFO ] [OdontologoDaoH2:84] Conectandose a la base de datos
[2022-06-02 14:27:28] [ DEBUG] [OdontologoDaoH2:24] Ejecucion metodo guardar-Odontologo
[2022-06-02 14:27:28] [ INFO ] [OdontologoDaoH2:27] Odontologo guardado con exito
[2022-06-02 14:27:28] [ INFO ] [OdontologoDaoH2:34] Conexion finalizada
[2022-06-02 15:04:44] [ INFO ] [OdontologoDaoH2:84] Conectandose a la base de datos
[2022-06-02 15:04:44] [ DEBUG] [OdontologoDaoH2:24] Ejecucion metodo guardar-Odontologo
[2022-06-02 15:04:44] [ INFO ] [OdontologoDaoH2:27] Odontologo guardado con exito
[2022-06-02 15:04:44] [ INFO ] [OdontologoDaoH2:34] Conexion finalizada
[2022-06-02 15:04:44] [ INFO ] [OdontologoDaoH2:84] Conectandose a la base de datos
[2022-06-02 15:04:44] [ DEBUG] [OdontologoDaoH2:24] Ejecucion metodo guardar-Odontologo
[2022-06-02 15:04:44] [ INFO ] [OdontologoDaoH2:27] Odontologo guardado con exito
[2022-06-02 15:04:44] [ INFO ] [OdontologoDaoH2:34] Conexion finalizada
[2022-06-02 15:04:44] [ INFO ] [OdontologoDaoH2:84] Conectandose a la base de datos
[2022-06-02 15:04:44] [ DEBUG] [OdontologoDaoH2:24] Ejecucion metodo guardar-Odontologo
[2022-06-02 15:04:44] [ INFO ] [OdontologoDaoH2:27] Odontologo guardado con exito
[2022-06-02 15:04:44] [ INFO ] [OdontologoDaoH2:34] Conexion finalizada
[2022-06-02 15:04:44] [ DEBUG] [OdontologoDaoH2:47] Ejecucion metodo listar-Odontologos
[2022-06-02 15:04:44] [ ERROR] [OdontologoDaoH2:71] ERROR: Cannot invoke "java.sql.Connection.prepareStatement(String)" because "connection" is null
[2022-06-06 11:50:22] [ INFO ] [OdontologoDaoH2:84] Conectandose a la base de datos
[2022-06-06 11:50:22] [ DEBUG] [OdontologoDaoH2:24] Ejecucion metodo guardar-Odontologo
[2022-06-06 11:50:22] [ INFO ] [OdontologoDaoH2:27] Odontologo guardado con exito
[2022-06-06 11:50:22] [ INFO ] [OdontologoDaoH2:34] Conexion finalizada
[2022-06-06 11:50:22] [ INFO ] [OdontologoDaoH2:84] Conectandose a la base de datos
[2022-06-06 11:50:22] [ DEBUG] [OdontologoDaoH2:24] Ejecucion metodo guardar-Odontologo
[2022-06-06 11:50:22] [ INFO ] [OdontologoDaoH2:27] Odontologo guardado con exito
[2022-06-06 11:50:22] [ INFO ] [OdontologoDaoH2:34] Conexion finalizada
[2022-06-06 11:50:22] [ INFO ] [OdontologoDaoH2:84] Conectandose a la base de datos
[2022-06-06 11:50:22] [ DEBUG] [OdontologoDaoH2:24] Ejecucion metodo guardar-Odontologo
[2022-06-06 11:50:22] [ INFO ] [OdontologoDaoH2:27] Odontologo guardado con exito
[2022-06-06 11:50:22] [ INFO ] [OdontologoDaoH2:34] Conexion finalizada
[2022-06-06 11:50:22] [ DEBUG] [OdontologoDaoH2:47] Ejecucion metodo listar-Odontologos
[2022-06-06 11:50:22] [ ERROR] [OdontologoDaoH2:71] ERROR: Cannot invoke "java.sql.Connection.prepareStatement(String)" because "connection" is null
